<?xml version="1.0" encoding="UTF-8"?>
<!-- Generated by org.testng.reporters.JUnitXMLReporter -->
<testsuite ignored="3" hostname="DESKTOP-QVM6J4J" failures="2" tests="4" name="Test_Edge" time="22.147" errors="0" timestamp="2022-10-30T20:25:21 IST">
  <testcase classname="com.Test.Test1" name="verifyLogin_FB" time="1.682">
    <failure type="java.lang.AssertionError" message="expected [Facebook] but found [Log in to Facebook]">
      <![CDATA[java.lang.AssertionError: expected [Facebook] but found [Log in to Facebook]
at com.Test.Test1.verifyLogin_FB(Test1.java:26)
at java.base/java.util.ArrayList.forEach(ArrayList.java:1540)
... Removed 33 stack frames]]>
    </failure>
  </testcase> <!-- verifyLogin_FB -->
  <testcase classname="com.Test.Test2" name="test2" time="0.002"/>
  <testcase classname="com.Test.Test3" name="test3" time="0.008"/>
  <testcase classname="com.Test.Test4" name="test4" time="0.002">
    <failure type="java.lang.NullPointerException">
      <![CDATA[java.lang.NullPointerException
at com.Utility.ExcelDataProvider.getStringDataFrom_Excel(ExcelDataProvider.java:22)
at com.Test.Test4.test4(Test4.java:12)
at java.base/java.util.ArrayList.forEach(ArrayList.java:1540)
... Removed 27 stack frames]]>
    </failure>
  </testcase> <!-- test4 -->
  <testcase classname="com.Utility.BaseClass" name="@BeforeSuite BS" time="0.0">
    <ignored/>
  </testcase> <!-- @BeforeSuite BS -->
  <testcase classname="com.Utility.BaseClass" name="@BeforeSuite BS" time="0.0">
    <ignored/>
  </testcase> <!-- @BeforeSuite BS -->
  <testcase classname="com.Utility.BaseClass" name="@BeforeSuite BS" time="0.0">
    <ignored/>
  </testcase> <!-- @BeforeSuite BS -->
</testsuite> <!-- Test_Edge -->
